Started GET "/" for 127.0.0.1 at 2017-11-15 13:51:30 +0100
  
ActiveRecord::PendingMigrationError (

Migrations are pending. To resolve this issue, run:

        bin/rails db:migrate RAILS_ENV=development

):
  
activerecord (5.1.4) lib/active_record/migration.rb:576:in `check_pending!'
activerecord (5.1.4) lib/active_record/migration.rb:553:in `call'
actionpack (5.1.4) lib/action_dispatch/middleware/callbacks.rb:26:in `block in call'
activesupport (5.1.4) lib/active_support/callbacks.rb:97:in `run_callbacks'
actionpack (5.1.4) lib/action_dispatch/middleware/callbacks.rb:24:in `call'
actionpack (5.1.4) lib/action_dispatch/middleware/executor.rb:12:in `call'
actionpack (5.1.4) lib/action_dispatch/middleware/debug_exceptions.rb:59:in `call'
web-console (3.5.1) lib/web_console/middleware.rb:135:in `call_app'
web-console (3.5.1) lib/web_console/middleware.rb:28:in `block in call'
web-console (3.5.1) lib/web_console/middleware.rb:18:in `catch'
web-console (3.5.1) lib/web_console/middleware.rb:18:in `call'
actionpack (5.1.4) lib/action_dispatch/middleware/show_exceptions.rb:31:in `call'
railties (5.1.4) lib/rails/rack/logger.rb:36:in `call_app'
railties (5.1.4) lib/rails/rack/logger.rb:24:in `block in call'
activesupport (5.1.4) lib/active_support/tagged_logging.rb:69:in `block in tagged'
activesupport (5.1.4) lib/active_support/tagged_logging.rb:26:in `tagged'
activesupport (5.1.4) lib/active_support/tagged_logging.rb:69:in `tagged'
railties (5.1.4) lib/rails/rack/logger.rb:24:in `call'
sprockets-rails (3.2.1) lib/sprockets/rails/quiet_assets.rb:13:in `call'
actionpack (5.1.4) lib/action_dispatch/middleware/remote_ip.rb:79:in `call'
actionpack (5.1.4) lib/action_dispatch/middleware/request_id.rb:25:in `call'
rack (2.0.3) lib/rack/method_override.rb:22:in `call'
rack (2.0.3) lib/rack/runtime.rb:22:in `call'
activesupport (5.1.4) lib/active_support/cache/strategy/local_cache_middleware.rb:27:in `call'
actionpack (5.1.4) lib/action_dispatch/middleware/executor.rb:12:in `call'
actionpack (5.1.4) lib/action_dispatch/middleware/static.rb:125:in `call'
rack (2.0.3) lib/rack/sendfile.rb:111:in `call'
railties (5.1.4) lib/rails/engine.rb:522:in `call'
puma (3.10.0) lib/puma/configuration.rb:225:in `call'
puma (3.10.0) lib/puma/server.rb:605:in `handle_request'
puma (3.10.0) lib/puma/server.rb:437:in `process_client'
puma (3.10.0) lib/puma/server.rb:301:in `block in run'
puma (3.10.0) lib/puma/thread_pool.rb:120:in `block in spawn_thread'
  [1m[35m (0.1ms)[0m  [1m[34mSELECT sqlite_version(*)[0m
  [1m[35m (11.9ms)[0m  [1m[35mCREATE TABLE "schema_migrations" ("version" varchar NOT NULL PRIMARY KEY)[0m
  [1m[35m (5.1ms)[0m  [1m[35mCREATE TABLE "ar_internal_metadata" ("key" varchar NOT NULL PRIMARY KEY, "value" varchar, "created_at" datetime NOT NULL, "updated_at" datetime NOT NULL)[0m
  [1m[35m (0.1ms)[0m  [1m[34mSELECT "schema_migrations"."version" FROM "schema_migrations" ORDER BY "schema_migrations"."version" ASC[0m
Migrating to CreateSearches (20171115124921)
  [1m[35m (0.0ms)[0m  [1m[36mbegin transaction[0m
  [1m[35m (1.3ms)[0m  [1m[35mCREATE TABLE "searches" ("id" INTEGER PRIMARY KEY AUTOINCREMENT NOT NULL, "query_params" blob, "user_id" integer, "user_type" varchar, "created_at" datetime NOT NULL, "updated_at" datetime NOT NULL)[0m
  [1m[35m (0.1ms)[0m  [1m[35mCREATE  INDEX "index_searches_on_user_id" ON "searches" ("user_id")[0m
  [1m[35mSQL (0.1ms)[0m  [1m[32mINSERT INTO "schema_migrations" ("version") VALUES (?)[0m  [["version", "20171115124921"]]
  [1m[35m (4.8ms)[0m  [1m[36mcommit transaction[0m
Migrating to CreateBookmarks (20171115124922)
  [1m[35m (0.1ms)[0m  [1m[36mbegin transaction[0m
  [1m[35m (1.2ms)[0m  [1m[35mCREATE TABLE "bookmarks" ("id" INTEGER PRIMARY KEY AUTOINCREMENT NOT NULL, "user_id" integer NOT NULL, "user_type" varchar, "document_id" varchar, "document_type" varchar, "title" blob, "created_at" datetime NOT NULL, "updated_at" datetime NOT NULL)[0m
  [1m[35m (0.1ms)[0m  [1m[35mCREATE  INDEX "index_bookmarks_on_user_id" ON "bookmarks" ("user_id")[0m
  [1m[35m (0.1ms)[0m  [1m[34m            SELECT sql
            FROM sqlite_master
            WHERE name='index_bookmarks_on_user_id' AND type='index'
            UNION ALL
            SELECT sql
            FROM sqlite_temp_master
            WHERE name='index_bookmarks_on_user_id' AND type='index'
[0m
  [1m[35m (0.2ms)[0m  [1m[35mCREATE  INDEX "index_bookmarks_on_document_id" ON "bookmarks" ("document_id")[0m
  [1m[35mSQL (0.3ms)[0m  [1m[32mINSERT INTO "schema_migrations" ("version") VALUES (?)[0m  [["version", "20171115124922"]]
  [1m[35m (4.5ms)[0m  [1m[36mcommit transaction[0m
Migrating to AddPolymorphicTypeToBookmarks (20171115124923)
  [1m[35m (0.1ms)[0m  [1m[36mbegin transaction[0m
  [1m[35m (0.0ms)[0m  [1m[34m            SELECT sql
            FROM sqlite_master
            WHERE name='index_bookmarks_on_document_id' AND type='index'
            UNION ALL
            SELECT sql
            FROM sqlite_temp_master
            WHERE name='index_bookmarks_on_document_id' AND type='index'
[0m
  [1m[35m (0.0ms)[0m  [1m[34m            SELECT sql
            FROM sqlite_master
            WHERE name='index_bookmarks_on_user_id' AND type='index'
            UNION ALL
            SELECT sql
            FROM sqlite_temp_master
            WHERE name='index_bookmarks_on_user_id' AND type='index'
[0m
  [1m[35mSQL (1.4ms)[0m  [1m[32mINSERT INTO "schema_migrations" ("version") VALUES (?)[0m  [["version", "20171115124923"]]
  [1m[35m (5.2ms)[0m  [1m[36mcommit transaction[0m
  [1m[36mActiveRecord::InternalMetadata Load (0.1ms)[0m  [1m[34mSELECT  "ar_internal_metadata".* FROM "ar_internal_metadata" WHERE "ar_internal_metadata"."key" = ? LIMIT ?[0m  [["key", "environment"], ["LIMIT", 1]]
  [1m[35m (0.0ms)[0m  [1m[36mbegin transaction[0m
  [1m[35mSQL (0.9ms)[0m  [1m[32mINSERT INTO "ar_internal_metadata" ("key", "value", "created_at", "updated_at") VALUES (?, ?, ?, ?)[0m  [["key", "environment"], ["value", "development"], ["created_at", "2017-11-15 12:51:44.135971"], ["updated_at", "2017-11-15 12:51:44.135971"]]
  [1m[35m (4.1ms)[0m  [1m[36mcommit transaction[0m
  [1m[35m (0.1ms)[0m  [1m[34mSELECT "schema_migrations"."version" FROM "schema_migrations" ORDER BY "schema_migrations"."version" ASC[0m
  [1m[35m (0.1ms)[0m  [1m[34m            SELECT sql
            FROM sqlite_master
            WHERE name='index_bookmarks_on_document_id' AND type='index'
            UNION ALL
            SELECT sql
            FROM sqlite_temp_master
            WHERE name='index_bookmarks_on_document_id' AND type='index'
[0m
  [1m[35m (0.0ms)[0m  [1m[34m            SELECT sql
            FROM sqlite_master
            WHERE name='index_bookmarks_on_user_id' AND type='index'
            UNION ALL
            SELECT sql
            FROM sqlite_temp_master
            WHERE name='index_bookmarks_on_user_id' AND type='index'
[0m
  [1m[35m (0.0ms)[0m  [1m[34m            SELECT sql
            FROM sqlite_master
            WHERE name='index_searches_on_user_id' AND type='index'
            UNION ALL
            SELECT sql
            FROM sqlite_temp_master
            WHERE name='index_searches_on_user_id' AND type='index'
[0m
Started GET "/" for 127.0.0.1 at 2017-11-15 13:51:53 +0100
  [1m[35m (0.2ms)[0m  [1m[34mSELECT "schema_migrations"."version" FROM "schema_migrations" ORDER BY "schema_migrations"."version" ASC[0m
Processing by CatalogController#index as HTML
Completed 500 Internal Server Error in 5150ms (ActiveRecord: 0.0ms)


  
Blacklight::Exceptions::InvalidRequest (RSolr::Error::Http - 400 Bad Request
Error: {
  "responseHeader":{
    "zkConnected":true,
    "status":400,
    "QTime":44,
    "params":{
      "facet.query":["pub_date:[2012 TO *]",
        "pub_date:[2007 TO *]",
        "pub_date:[1992 TO *]"],
      "f.subject_topic_facet.facet.limit":"21",
      "facet.field":["format",

URI: http://index-test.kb.dk/solr/adl-core/select?wt=json&facet.field=format&facet.field=%7B%21ex%3Dpub_date_single%7Dpub_date&facet.field=subject_topic_facet&facet.field=language_facet&facet.field=lc_1letter_facet&facet.field=subject_geo_facet&facet.field=subject_era_facet&facet.query=pub_date%3A%5B2012+TO+*%5D&facet.query=pub_date%3A%5B2007+TO+*%5D&facet.query=pub_date%3A%5B1992+TO+*%5D&facet.pivot=format%2Clanguage_facet&&&rows=10&facet=true&f.subject_topic_facet.facet.limit=21&f.language_facet.facet.limit=11&sort=score+desc%2C+pub_date_sort+desc%2C+title_sort+asc

Backtrace: /home/nkh/.rvm/gems/ruby-2.3.1/gems/rsolr-2.0.2/lib/rsolr/client.rb:195:in `rescue in execute'
/home/nkh/.rvm/gems/ruby-2.3.1/gems/rsolr-2.0.2/lib/rsolr/client.rb:185:in `execute'
/home/nkh/.rvm/gems/ruby-2.3.1/gems/rsolr-2.0.2/lib/rsolr/client.rb:180:in `send_and_receive'
/home/nkh/.rvm/gems/ruby-2.3.1/bundler/gems/blacklight-642b89a4d882/lib/blacklight/solr/repository.rb:38:in `block in send_and_receive'
/home/nkh/.rvm/gems/ruby-2.3.1/gems/activesupport-5.1.4/lib/active_support/benchmarkable.rb:41:in `block in benchmark'
/home/nkh/.rvm/gems/ruby-2.3.1/gems/activesupport-5.1.4/lib/active_support/core_ext/benchmark.rb:12:in `block in ms'
/home/nkh/.rvm/rubies/ruby-2.3.1/lib/ruby/2.3.0/benchmark.rb:308:in `realtime'
/home/nkh/.rvm/gems/ruby-2.3.1/gems/activesupport-5.1.4/lib/active_support/core_ext/benchmark.rb:12:in `ms'
/home/nkh/.rvm/gems/ruby-2.3.1/gems/activesupport-5.1.4/lib/active_support/benchmarkable.rb:41:in `benchmark'
/home/nkh/.rvm/gems/ruby-2.3.1/bundler/gems/blacklight-642b89a4d882/lib/blacklight/solr/repository.rb:36:in `send_and_receive'
/home/nkh/.rvm/gems/ruby-2.3.1/bundler/gems/blacklight-642b89a4d882/lib/blacklight/solr/repository.rb:22:in `search'):
  
/home/nkh/.rvm/gems/ruby-2.3.1/bundler/gems/blacklight-642b89a4d882/lib/blacklight/solr/repository.rb:49:in `rescue in send_and_receive'
/home/nkh/.rvm/gems/ruby-2.3.1/bundler/gems/blacklight-642b89a4d882/lib/blacklight/solr/repository.rb:36:in `send_and_receive'
/home/nkh/.rvm/gems/ruby-2.3.1/bundler/gems/blacklight-642b89a4d882/lib/blacklight/solr/repository.rb:22:in `search'
/home/nkh/.rvm/gems/ruby-2.3.1/bundler/gems/blacklight-642b89a4d882/app/services/blacklight/search_service.rb:25:in `search_results'
/home/nkh/.rvm/gems/ruby-2.3.1/bundler/gems/blacklight-642b89a4d882/app/controllers/concerns/blacklight/catalog.rb:25:in `index'
actionpack (5.1.4) lib/action_controller/metal/basic_implicit_render.rb:4:in `send_action'
actionpack (5.1.4) lib/abstract_controller/base.rb:186:in `process_action'
actionpack (5.1.4) lib/action_controller/metal/rendering.rb:30:in `process_action'
actionpack (5.1.4) lib/abstract_controller/callbacks.rb:20:in `block in process_action'
activesupport (5.1.4) lib/active_support/callbacks.rb:131:in `run_callbacks'
actionpack (5.1.4) lib/abstract_controller/callbacks.rb:19:in `process_action'
actionpack (5.1.4) lib/action_controller/metal/rescue.rb:20:in `process_action'
actionpack (5.1.4) lib/action_controller/metal/instrumentation.rb:32:in `block in process_action'
activesupport (5.1.4) lib/active_support/notifications.rb:166:in `block in instrument'
activesupport (5.1.4) lib/active_support/notifications/instrumenter.rb:21:in `instrument'
activesupport (5.1.4) lib/active_support/notifications.rb:166:in `instrument'
actionpack (5.1.4) lib/action_controller/metal/instrumentation.rb:30:in `process_action'
actionpack (5.1.4) lib/action_controller/metal/params_wrapper.rb:252:in `process_action'
activerecord (5.1.4) lib/active_record/railties/controller_runtime.rb:22:in `process_action'
actionpack (5.1.4) lib/abstract_controller/base.rb:124:in `process'
actionview (5.1.4) lib/action_view/rendering.rb:30:in `process'
actionpack (5.1.4) lib/action_controller/metal.rb:189:in `dispatch'
actionpack (5.1.4) lib/action_controller/metal.rb:253:in `dispatch'
actionpack (5.1.4) lib/action_dispatch/routing/route_set.rb:49:in `dispatch'
actionpack (5.1.4) lib/action_dispatch/routing/route_set.rb:31:in `serve'
actionpack (5.1.4) lib/action_dispatch/journey/router.rb:50:in `block in serve'
actionpack (5.1.4) lib/action_dispatch/journey/router.rb:33:in `each'
actionpack (5.1.4) lib/action_dispatch/journey/router.rb:33:in `serve'
actionpack (5.1.4) lib/action_dispatch/routing/route_set.rb:834:in `call'
warden (1.2.7) lib/warden/manager.rb:36:in `block in call'
warden (1.2.7) lib/warden/manager.rb:35:in `catch'
warden (1.2.7) lib/warden/manager.rb:35:in `call'
rack (2.0.3) lib/rack/etag.rb:25:in `call'
rack (2.0.3) lib/rack/conditional_get.rb:25:in `call'
rack (2.0.3) lib/rack/head.rb:12:in `call'
rack (2.0.3) lib/rack/session/abstract/id.rb:232:in `context'
rack (2.0.3) lib/rack/session/abstract/id.rb:226:in `call'
actionpack (5.1.4) lib/action_dispatch/middleware/cookies.rb:613:in `call'
activerecord (5.1.4) lib/active_record/migration.rb:556:in `call'
actionpack (5.1.4) lib/action_dispatch/middleware/callbacks.rb:26:in `block in call'
activesupport (5.1.4) lib/active_support/callbacks.rb:97:in `run_callbacks'
actionpack (5.1.4) lib/action_dispatch/middleware/callbacks.rb:24:in `call'
actionpack (5.1.4) lib/action_dispatch/middleware/executor.rb:12:in `call'
actionpack (5.1.4) lib/action_dispatch/middleware/debug_exceptions.rb:59:in `call'
web-console (3.5.1) lib/web_console/middleware.rb:135:in `call_app'
web-console (3.5.1) lib/web_console/middleware.rb:28:in `block in call'
web-console (3.5.1) lib/web_console/middleware.rb:18:in `catch'
web-console (3.5.1) lib/web_console/middleware.rb:18:in `call'
actionpack (5.1.4) lib/action_dispatch/middleware/show_exceptions.rb:31:in `call'
railties (5.1.4) lib/rails/rack/logger.rb:36:in `call_app'
railties (5.1.4) lib/rails/rack/logger.rb:24:in `block in call'
activesupport (5.1.4) lib/active_support/tagged_logging.rb:69:in `block in tagged'
activesupport (5.1.4) lib/active_support/tagged_logging.rb:26:in `tagged'
activesupport (5.1.4) lib/active_support/tagged_logging.rb:69:in `tagged'
railties (5.1.4) lib/rails/rack/logger.rb:24:in `call'
sprockets-rails (3.2.1) lib/sprockets/rails/quiet_assets.rb:13:in `call'
actionpack (5.1.4) lib/action_dispatch/middleware/remote_ip.rb:79:in `call'
actionpack (5.1.4) lib/action_dispatch/middleware/request_id.rb:25:in `call'
rack (2.0.3) lib/rack/method_override.rb:22:in `call'
rack (2.0.3) lib/rack/runtime.rb:22:in `call'
activesupport (5.1.4) lib/active_support/cache/strategy/local_cache_middleware.rb:27:in `call'
actionpack (5.1.4) lib/action_dispatch/middleware/executor.rb:12:in `call'
actionpack (5.1.4) lib/action_dispatch/middleware/static.rb:125:in `call'
rack (2.0.3) lib/rack/sendfile.rb:111:in `call'
railties (5.1.4) lib/rails/engine.rb:522:in `call'
puma (3.10.0) lib/puma/configuration.rb:225:in `call'
puma (3.10.0) lib/puma/server.rb:605:in `handle_request'
puma (3.10.0) lib/puma/server.rb:437:in `process_client'
puma (3.10.0) lib/puma/server.rb:301:in `block in run'
puma (3.10.0) lib/puma/thread_pool.rb:120:in `block in spawn_thread'
Started GET "/" for 127.0.0.1 at 2017-11-15 13:57:26 +0100
  [1m[35m (0.1ms)[0m  [1m[34mSELECT "schema_migrations"."version" FROM "schema_migrations" ORDER BY "schema_migrations"."version" ASC[0m
Processing by CatalogController#index as HTML
Completed 500 Internal Server Error in 5049ms (ActiveRecord: 0.0ms)


  
Blacklight::Exceptions::InvalidRequest (RSolr::Error::Http - 400 Bad Request
Error: {
  "responseHeader":{
    "zkConnected":true,
    "status":400,
    "QTime":1,
    "params":{
      "facet.query":["pub_date:[2012 TO *]",
        "pub_date:[2007 TO *]",
        "pub_date:[1992 TO *]"],
      "f.subject_topic_facet.facet.limit":"21",
      "facet.field":["format",

URI: http://index-test.kb.dk/solr/adl-core/select?wt=json&facet.field=format&facet.field=%7B%21ex%3Dpub_date_single%7Dpub_date&facet.field=subject_topic_facet&facet.field=language_facet&facet.field=lc_1letter_facet&facet.field=subject_geo_facet&facet.field=subject_era_facet&facet.query=pub_date%3A%5B2012+TO+*%5D&facet.query=pub_date%3A%5B2007+TO+*%5D&facet.query=pub_date%3A%5B1992+TO+*%5D&facet.pivot=format%2Clanguage_facet&&&rows=10&facet=true&f.subject_topic_facet.facet.limit=21&f.language_facet.facet.limit=11&sort=score+desc%2C+pub_date_sort+desc%2C+title_sort+asc

Backtrace: /home/nkh/.rvm/gems/ruby-2.3.1/gems/rsolr-2.0.2/lib/rsolr/client.rb:195:in `rescue in execute'
/home/nkh/.rvm/gems/ruby-2.3.1/gems/rsolr-2.0.2/lib/rsolr/client.rb:185:in `execute'
/home/nkh/.rvm/gems/ruby-2.3.1/gems/rsolr-2.0.2/lib/rsolr/client.rb:180:in `send_and_receive'
/home/nkh/.rvm/gems/ruby-2.3.1/bundler/gems/blacklight-642b89a4d882/lib/blacklight/solr/repository.rb:38:in `block in send_and_receive'
/home/nkh/.rvm/gems/ruby-2.3.1/gems/activesupport-5.1.4/lib/active_support/benchmarkable.rb:41:in `block in benchmark'
/home/nkh/.rvm/gems/ruby-2.3.1/gems/activesupport-5.1.4/lib/active_support/core_ext/benchmark.rb:12:in `block in ms'
/home/nkh/.rvm/rubies/ruby-2.3.1/lib/ruby/2.3.0/benchmark.rb:308:in `realtime'
/home/nkh/.rvm/gems/ruby-2.3.1/gems/activesupport-5.1.4/lib/active_support/core_ext/benchmark.rb:12:in `ms'
/home/nkh/.rvm/gems/ruby-2.3.1/gems/activesupport-5.1.4/lib/active_support/benchmarkable.rb:41:in `benchmark'
/home/nkh/.rvm/gems/ruby-2.3.1/bundler/gems/blacklight-642b89a4d882/lib/blacklight/solr/repository.rb:36:in `send_and_receive'
/home/nkh/.rvm/gems/ruby-2.3.1/bundler/gems/blacklight-642b89a4d882/lib/blacklight/solr/repository.rb:22:in `search'):
  
/home/nkh/.rvm/gems/ruby-2.3.1/bundler/gems/blacklight-642b89a4d882/lib/blacklight/solr/repository.rb:49:in `rescue in send_and_receive'
/home/nkh/.rvm/gems/ruby-2.3.1/bundler/gems/blacklight-642b89a4d882/lib/blacklight/solr/repository.rb:36:in `send_and_receive'
/home/nkh/.rvm/gems/ruby-2.3.1/bundler/gems/blacklight-642b89a4d882/lib/blacklight/solr/repository.rb:22:in `search'
/home/nkh/.rvm/gems/ruby-2.3.1/bundler/gems/blacklight-642b89a4d882/app/services/blacklight/search_service.rb:25:in `search_results'
/home/nkh/.rvm/gems/ruby-2.3.1/bundler/gems/blacklight-642b89a4d882/app/controllers/concerns/blacklight/catalog.rb:25:in `index'
actionpack (5.1.4) lib/action_controller/metal/basic_implicit_render.rb:4:in `send_action'
actionpack (5.1.4) lib/abstract_controller/base.rb:186:in `process_action'
actionpack (5.1.4) lib/action_controller/metal/rendering.rb:30:in `process_action'
actionpack (5.1.4) lib/abstract_controller/callbacks.rb:20:in `block in process_action'
activesupport (5.1.4) lib/active_support/callbacks.rb:131:in `run_callbacks'
actionpack (5.1.4) lib/abstract_controller/callbacks.rb:19:in `process_action'
actionpack (5.1.4) lib/action_controller/metal/rescue.rb:20:in `process_action'
actionpack (5.1.4) lib/action_controller/metal/instrumentation.rb:32:in `block in process_action'
activesupport (5.1.4) lib/active_support/notifications.rb:166:in `block in instrument'
activesupport (5.1.4) lib/active_support/notifications/instrumenter.rb:21:in `instrument'
activesupport (5.1.4) lib/active_support/notifications.rb:166:in `instrument'
actionpack (5.1.4) lib/action_controller/metal/instrumentation.rb:30:in `process_action'
actionpack (5.1.4) lib/action_controller/metal/params_wrapper.rb:252:in `process_action'
activerecord (5.1.4) lib/active_record/railties/controller_runtime.rb:22:in `process_action'
actionpack (5.1.4) lib/abstract_controller/base.rb:124:in `process'
actionview (5.1.4) lib/action_view/rendering.rb:30:in `process'
actionpack (5.1.4) lib/action_controller/metal.rb:189:in `dispatch'
actionpack (5.1.4) lib/action_controller/metal.rb:253:in `dispatch'
actionpack (5.1.4) lib/action_dispatch/routing/route_set.rb:49:in `dispatch'
actionpack (5.1.4) lib/action_dispatch/routing/route_set.rb:31:in `serve'
actionpack (5.1.4) lib/action_dispatch/journey/router.rb:50:in `block in serve'
actionpack (5.1.4) lib/action_dispatch/journey/router.rb:33:in `each'
actionpack (5.1.4) lib/action_dispatch/journey/router.rb:33:in `serve'
actionpack (5.1.4) lib/action_dispatch/routing/route_set.rb:834:in `call'
warden (1.2.7) lib/warden/manager.rb:36:in `block in call'
warden (1.2.7) lib/warden/manager.rb:35:in `catch'
warden (1.2.7) lib/warden/manager.rb:35:in `call'
rack (2.0.3) lib/rack/etag.rb:25:in `call'
rack (2.0.3) lib/rack/conditional_get.rb:25:in `call'
rack (2.0.3) lib/rack/head.rb:12:in `call'
rack (2.0.3) lib/rack/session/abstract/id.rb:232:in `context'
rack (2.0.3) lib/rack/session/abstract/id.rb:226:in `call'
actionpack (5.1.4) lib/action_dispatch/middleware/cookies.rb:613:in `call'
activerecord (5.1.4) lib/active_record/migration.rb:556:in `call'
actionpack (5.1.4) lib/action_dispatch/middleware/callbacks.rb:26:in `block in call'
activesupport (5.1.4) lib/active_support/callbacks.rb:97:in `run_callbacks'
actionpack (5.1.4) lib/action_dispatch/middleware/callbacks.rb:24:in `call'
actionpack (5.1.4) lib/action_dispatch/middleware/executor.rb:12:in `call'
actionpack (5.1.4) lib/action_dispatch/middleware/debug_exceptions.rb:59:in `call'
web-console (3.5.1) lib/web_console/middleware.rb:135:in `call_app'
web-console (3.5.1) lib/web_console/middleware.rb:28:in `block in call'
web-console (3.5.1) lib/web_console/middleware.rb:18:in `catch'
web-console (3.5.1) lib/web_console/middleware.rb:18:in `call'
actionpack (5.1.4) lib/action_dispatch/middleware/show_exceptions.rb:31:in `call'
railties (5.1.4) lib/rails/rack/logger.rb:36:in `call_app'
railties (5.1.4) lib/rails/rack/logger.rb:24:in `block in call'
activesupport (5.1.4) lib/active_support/tagged_logging.rb:69:in `block in tagged'
activesupport (5.1.4) lib/active_support/tagged_logging.rb:26:in `tagged'
activesupport (5.1.4) lib/active_support/tagged_logging.rb:69:in `tagged'
railties (5.1.4) lib/rails/rack/logger.rb:24:in `call'
sprockets-rails (3.2.1) lib/sprockets/rails/quiet_assets.rb:13:in `call'
actionpack (5.1.4) lib/action_dispatch/middleware/remote_ip.rb:79:in `call'
actionpack (5.1.4) lib/action_dispatch/middleware/request_id.rb:25:in `call'
rack (2.0.3) lib/rack/method_override.rb:22:in `call'
rack (2.0.3) lib/rack/runtime.rb:22:in `call'
activesupport (5.1.4) lib/active_support/cache/strategy/local_cache_middleware.rb:27:in `call'
actionpack (5.1.4) lib/action_dispatch/middleware/executor.rb:12:in `call'
actionpack (5.1.4) lib/action_dispatch/middleware/static.rb:125:in `call'
rack (2.0.3) lib/rack/sendfile.rb:111:in `call'
railties (5.1.4) lib/rails/engine.rb:522:in `call'
puma (3.10.0) lib/puma/configuration.rb:225:in `call'
puma (3.10.0) lib/puma/server.rb:605:in `handle_request'
puma (3.10.0) lib/puma/server.rb:437:in `process_client'
puma (3.10.0) lib/puma/server.rb:301:in `block in run'
puma (3.10.0) lib/puma/thread_pool.rb:120:in `block in spawn_thread'
Started GET "/" for 127.0.0.1 at 2017-11-15 14:09:05 +0100
  [1m[35m (0.1ms)[0m  [1m[34mSELECT "schema_migrations"."version" FROM "schema_migrations" ORDER BY "schema_migrations"."version" ASC[0m
Processing by CatalogController#index as HTML
Invalid sort field: '' was provided.
Solr query: get select {"qt"=>nil, "facet.field"=>[], "facet.query"=>[], "facet.pivot"=>[], "fq"=>[], "hl.fl"=>[], "rows"=>10}
Solr fetch (5363.1ms)
  Rendering /home/nkh/.rvm/gems/ruby-2.3.1/bundler/gems/blacklight-642b89a4d882/app/views/catalog/index.html.erb within layouts/blacklight
  Rendered /home/nkh/.rvm/gems/ruby-2.3.1/bundler/gems/blacklight-642b89a4d882/app/views/catalog/_facets.html.erb (0.7ms)
  Rendered /home/nkh/.rvm/gems/ruby-2.3.1/bundler/gems/blacklight-642b89a4d882/app/views/catalog/_search_sidebar.html.erb (5.7ms)
  Rendered /home/nkh/.rvm/gems/ruby-2.3.1/bundler/gems/blacklight-642b89a4d882/app/views/catalog/_home_text.html.erb (33.5ms)
  Rendered /home/nkh/.rvm/gems/ruby-2.3.1/bundler/gems/blacklight-642b89a4d882/app/views/catalog/_home.html.erb (35.8ms)
  Rendered /home/nkh/.rvm/gems/ruby-2.3.1/bundler/gems/blacklight-642b89a4d882/app/views/shared/_sitelinks_search_box.html.erb (0.9ms)
  Rendered /home/nkh/.rvm/gems/ruby-2.3.1/bundler/gems/blacklight-642b89a4d882/app/views/catalog/index.html.erb within layouts/blacklight (51.0ms)
  Rendering /home/nkh/.rvm/gems/ruby-2.3.1/bundler/gems/blacklight-642b89a4d882/app/views/layouts/blacklight/base.html.erb
  Rendered /home/nkh/.rvm/gems/ruby-2.3.1/bundler/gems/blacklight-642b89a4d882/app/views/blacklight/nav/_search_history.html.erb (4.0ms)
  Rendered /home/nkh/.rvm/gems/ruby-2.3.1/bundler/gems/blacklight-642b89a4d882/app/views/shared/_user_util_links.html.erb (6.5ms)
  Rendered /home/nkh/.rvm/gems/ruby-2.3.1/bundler/gems/blacklight-642b89a4d882/app/views/catalog/_search_form.html.erb (16.9ms)
  Rendered /home/nkh/.rvm/gems/ruby-2.3.1/bundler/gems/blacklight-642b89a4d882/app/views/shared/_header_navbar.html.erb (27.1ms)
  Rendered /home/nkh/.rvm/gems/ruby-2.3.1/bundler/gems/blacklight-642b89a4d882/app/views/shared/_flash_msg.html.erb (1.7ms)
  Rendered /home/nkh/.rvm/gems/ruby-2.3.1/bundler/gems/blacklight-642b89a4d882/app/views/shared/_footer.html.erb (0.1ms)
  Rendered /home/nkh/.rvm/gems/ruby-2.3.1/bundler/gems/blacklight-642b89a4d882/app/views/shared/_modal.html.erb (0.2ms)
  Rendered /home/nkh/.rvm/gems/ruby-2.3.1/bundler/gems/blacklight-642b89a4d882/app/views/layouts/blacklight/base.html.erb (4423.3ms)
Completed 200 OK in 9869ms (Views: 4485.2ms | ActiveRecord: 0.0ms)


Started GET "/catalog/suggest?q=tewst" for 127.0.0.1 at 2017-11-15 14:09:29 +0100
Processing by CatalogController#suggest as JSON
  Parameters: {"q"=>"tewst"}
Completed 200 OK in 63ms (Views: 0.4ms | ActiveRecord: 0.0ms)


Started GET "/catalog/suggest?q=te" for 127.0.0.1 at 2017-11-15 14:09:30 +0100
Processing by CatalogController#suggest as JSON
  Parameters: {"q"=>"te"}
Completed 200 OK in 61ms (Views: 0.5ms | ActiveRecord: 0.0ms)


Started GET "/catalog?utf8=%E2%9C%93&search_field=all_fields&q=test" for 127.0.0.1 at 2017-11-15 14:09:31 +0100
Processing by CatalogController#index as HTML
  Parameters: {"utf8"=>"✓", "search_field"=>"all_fields", "q"=>"test"}
Started GET "/catalog/suggest?q=test" for 127.0.0.1 at 2017-11-15 14:09:31 +0100
Processing by CatalogController#suggest as JSON
  Parameters: {"q"=>"test"}
  [1m[35m (0.1ms)[0m  [1m[36mbegin transaction[0m
  [1m[35mSQL (1.0ms)[0m  [1m[32mINSERT INTO "searches" ("query_params", "created_at", "updated_at") VALUES (?, ?, ?)[0m  [["query_params", "<135 bytes of binary data>"], ["created_at", "2017-11-15 13:09:31.109073"], ["updated_at", "2017-11-15 13:09:31.109073"]]
  [1m[35m (7.5ms)[0m  [1m[36mcommit transaction[0m
Completed 200 OK in 39ms (Views: 0.4ms | ActiveRecord: 0.0ms)


Invalid sort field: '' was provided.
Solr query: get select {"qt"=>nil, "facet.field"=>[], "facet.query"=>[], "facet.pivot"=>[], "fq"=>[], "hl.fl"=>[], "rows"=>10, "q"=>"test"}
Solr fetch (1293.9ms)
  Rendering /home/nkh/.rvm/gems/ruby-2.3.1/bundler/gems/blacklight-642b89a4d882/app/views/catalog/index.html.erb within layouts/blacklight
  Rendered /home/nkh/.rvm/gems/ruby-2.3.1/bundler/gems/blacklight-642b89a4d882/app/views/catalog/_facets.html.erb (1.0ms)
  Rendered /home/nkh/.rvm/gems/ruby-2.3.1/bundler/gems/blacklight-642b89a4d882/app/views/catalog/_search_sidebar.html.erb (15.1ms)
  Rendered /home/nkh/.rvm/gems/ruby-2.3.1/bundler/gems/blacklight-642b89a4d882/app/views/catalog/_opensearch_response_metadata.html.erb (0.5ms)
  Rendered /home/nkh/.rvm/gems/ruby-2.3.1/bundler/gems/blacklight-642b89a4d882/app/views/catalog/_constraints_element.html.erb (0.6ms)
  Rendered /home/nkh/.rvm/gems/ruby-2.3.1/bundler/gems/blacklight-642b89a4d882/app/views/catalog/_constraints.html.erb (3.4ms)
  Rendered /home/nkh/.rvm/gems/ruby-2.3.1/bundler/gems/blacklight-642b89a4d882/app/views/catalog/_did_you_mean.html.erb (0.2ms)
  Rendered /home/nkh/.rvm/gems/ruby-2.3.1/bundler/gems/blacklight-642b89a4d882/app/views/catalog/_paginate_compact.html.erb (24.0ms)
  Rendered /home/nkh/.rvm/gems/ruby-2.3.1/bundler/gems/blacklight-642b89a4d882/app/views/catalog/_sort_widget.html.erb (0.9ms)
  Rendered /home/nkh/.rvm/gems/ruby-2.3.1/bundler/gems/blacklight-642b89a4d882/app/views/catalog/_per_page_widget.html.erb (3.0ms)
  Rendered /home/nkh/.rvm/gems/ruby-2.3.1/bundler/gems/blacklight-642b89a4d882/app/views/catalog/_view_type_group.html.erb (0.8ms)
  Rendered /home/nkh/.rvm/gems/ruby-2.3.1/bundler/gems/blacklight-642b89a4d882/app/views/catalog/_sort_and_per_page.html.erb (34.1ms)
  Rendered /home/nkh/.rvm/gems/ruby-2.3.1/bundler/gems/blacklight-642b89a4d882/app/views/catalog/_search_header.html.erb (36.2ms)
Looking for document index partial document_list
Looking for document partial index_header_list_default
Looking for document partial index_header_list_default
Looking for document partial index_header_default
Looking for document partial index_header_default
Looking for document partial index_header
Looking for document partial thumbnail_list_default
Looking for document partial thumbnail_list_default
Looking for document partial thumbnail_default
Looking for document partial thumbnail_default
Looking for document partial thumbnail
Looking for document partial index_list_default
Looking for document partial index_list_default
Looking for document partial index_default
Looking for document partial index_default
Looking for document partial index
  Rendered collection of /home/nkh/.rvm/gems/ruby-2.3.1/bundler/gems/blacklight-642b89a4d882/app/views/catalog/_document.html.erb [10 times] (173.2ms)
  Rendered /home/nkh/.rvm/gems/ruby-2.3.1/bundler/gems/blacklight-642b89a4d882/app/views/catalog/_results_pagination.html.erb (23.9ms)
  Rendered /home/nkh/.rvm/gems/ruby-2.3.1/bundler/gems/blacklight-642b89a4d882/app/views/catalog/_search_results.html.erb (282.0ms)
  Rendered /home/nkh/.rvm/gems/ruby-2.3.1/bundler/gems/blacklight-642b89a4d882/app/views/catalog/index.html.erb within layouts/blacklight (305.2ms)
  Rendering /home/nkh/.rvm/gems/ruby-2.3.1/bundler/gems/blacklight-642b89a4d882/app/views/layouts/blacklight/base.html.erb
  Rendered /home/nkh/.rvm/gems/ruby-2.3.1/bundler/gems/blacklight-642b89a4d882/app/views/blacklight/nav/_search_history.html.erb (1.0ms)
  Rendered /home/nkh/.rvm/gems/ruby-2.3.1/bundler/gems/blacklight-642b89a4d882/app/views/shared/_user_util_links.html.erb (4.0ms)
  Rendered /home/nkh/.rvm/gems/ruby-2.3.1/bundler/gems/blacklight-642b89a4d882/app/views/catalog/_search_form.html.erb (4.3ms)
  Rendered /home/nkh/.rvm/gems/ruby-2.3.1/bundler/gems/blacklight-642b89a4d882/app/views/shared/_header_navbar.html.erb (12.4ms)
  Rendered /home/nkh/.rvm/gems/ruby-2.3.1/bundler/gems/blacklight-642b89a4d882/app/views/shared/_flash_msg.html.erb (1.6ms)
  Rendered /home/nkh/.rvm/gems/ruby-2.3.1/bundler/gems/blacklight-642b89a4d882/app/views/shared/_footer.html.erb (0.2ms)
  Rendered /home/nkh/.rvm/gems/ruby-2.3.1/bundler/gems/blacklight-642b89a4d882/app/views/shared/_modal.html.erb (0.2ms)
  Rendered /home/nkh/.rvm/gems/ruby-2.3.1/bundler/gems/blacklight-642b89a4d882/app/views/layouts/blacklight/base.html.erb (85.5ms)
Completed 200 OK in 1780ms (Views: 398.9ms | ActiveRecord: 9.8ms)


Started GET "/catalog/suggest?q=test" for 127.0.0.1 at 2017-11-15 14:11:53 +0100
Processing by CatalogController#suggest as JSON
  Parameters: {"q"=>"test"}
Started GET "/catalog/suggest?q=te" for 127.0.0.1 at 2017-11-15 14:11:54 +0100
Completed 200 OK in 5022ms (Views: 0.3ms)


Processing by CatalogController#suggest as JSON
Started GET "/catalog/suggest?q=%23N" for 127.0.0.1 at 2017-11-15 14:11:58 +0100
  Parameters: {"q"=>"te"}
Processing by CatalogController#suggest as JSON
  Parameters: {"q"=>"#N"}
Completed 200 OK in 31ms (Views: 0.7ms)


Completed 200 OK in 42ms (Views: 0.2ms)


Started GET "/" for 127.0.0.1 at 2017-11-15 14:17:04 +0100
  [1m[35m (0.1ms)[0m  [1m[34mSELECT "schema_migrations"."version" FROM "schema_migrations" ORDER BY "schema_migrations"."version" ASC[0m
Processing by CatalogController#index as HTML
Invalid sort field: '' was provided.
Solr query: get select {"qt"=>nil, "facet.field"=>[], "facet.query"=>[], "facet.pivot"=>[], "fq"=>[], "hl.fl"=>[], "rows"=>10}
Solr fetch (53.9ms)
  Rendering /home/nkh/.rvm/gems/ruby-2.3.1/bundler/gems/blacklight-642b89a4d882/app/views/catalog/index.html.erb within layouts/blacklight
  Rendered /home/nkh/.rvm/gems/ruby-2.3.1/bundler/gems/blacklight-642b89a4d882/app/views/catalog/_facets.html.erb (0.3ms)
  Rendered /home/nkh/.rvm/gems/ruby-2.3.1/bundler/gems/blacklight-642b89a4d882/app/views/catalog/_search_sidebar.html.erb (1.1ms)
  Rendered /home/nkh/.rvm/gems/ruby-2.3.1/bundler/gems/blacklight-642b89a4d882/app/views/catalog/_home_text.html.erb (32.2ms)
  Rendered /home/nkh/.rvm/gems/ruby-2.3.1/bundler/gems/blacklight-642b89a4d882/app/views/catalog/_home.html.erb (33.5ms)
  Rendered /home/nkh/.rvm/gems/ruby-2.3.1/bundler/gems/blacklight-642b89a4d882/app/views/shared/_sitelinks_search_box.html.erb (0.4ms)
  Rendered /home/nkh/.rvm/gems/ruby-2.3.1/bundler/gems/blacklight-642b89a4d882/app/views/catalog/index.html.erb within layouts/blacklight (39.2ms)
  Rendering /home/nkh/.rvm/gems/ruby-2.3.1/bundler/gems/blacklight-642b89a4d882/app/views/layouts/blacklight/base.html.erb
  Rendered /home/nkh/.rvm/gems/ruby-2.3.1/bundler/gems/blacklight-642b89a4d882/app/views/blacklight/nav/_search_history.html.erb (1.6ms)
  Rendered /home/nkh/.rvm/gems/ruby-2.3.1/bundler/gems/blacklight-642b89a4d882/app/views/shared/_user_util_links.html.erb (3.5ms)
  Rendered /home/nkh/.rvm/gems/ruby-2.3.1/bundler/gems/blacklight-642b89a4d882/app/views/catalog/_search_form.html.erb (12.7ms)
  Rendered /home/nkh/.rvm/gems/ruby-2.3.1/bundler/gems/blacklight-642b89a4d882/app/views/shared/_header_navbar.html.erb (19.0ms)
  Rendered /home/nkh/.rvm/gems/ruby-2.3.1/bundler/gems/blacklight-642b89a4d882/app/views/shared/_flash_msg.html.erb (1.3ms)
  Rendered /home/nkh/.rvm/gems/ruby-2.3.1/bundler/gems/blacklight-642b89a4d882/app/views/shared/_footer.html.erb (0.2ms)
  Rendered /home/nkh/.rvm/gems/ruby-2.3.1/bundler/gems/blacklight-642b89a4d882/app/views/shared/_modal.html.erb (0.6ms)
  Rendered /home/nkh/.rvm/gems/ruby-2.3.1/bundler/gems/blacklight-642b89a4d882/app/views/layouts/blacklight/base.html.erb (316.2ms)
Completed 200 OK in 433ms (Views: 367.4ms | ActiveRecord: 0.0ms)


Started GET "/catalog/suggest?q=test" for 127.0.0.1 at 2017-11-15 14:17:09 +0100
Processing by CatalogController#suggest as JSON
  Parameters: {"q"=>"test"}
Completed 200 OK in 28ms (Views: 1.4ms | ActiveRecord: 0.0ms)


Started GET "/catalog?utf8=%E2%9C%93&search_field=title&q=test" for 127.0.0.1 at 2017-11-15 14:17:09 +0100
Processing by CatalogController#index as HTML
  Parameters: {"utf8"=>"✓", "search_field"=>"title", "q"=>"test"}
  [1m[36mSearch Load (0.3ms)[0m  [1m[34mSELECT "searches".* FROM "searches" WHERE "searches"."id" = 1 ORDER BY updated_at desc[0m
  [1m[35m (0.1ms)[0m  [1m[36mbegin transaction[0m
  [1m[35mSQL (2.3ms)[0m  [1m[32mINSERT INTO "searches" ("query_params", "created_at", "updated_at") VALUES (?, ?, ?)[0m  [["query_params", "<130 bytes of binary data>"], ["created_at", "2017-11-15 13:17:09.736484"], ["updated_at", "2017-11-15 13:17:09.736484"]]
  [1m[35m (170.5ms)[0m  [1m[36mcommit transaction[0m
Invalid sort field: '' was provided.
Completed 500 Internal Server Error in 289ms (ActiveRecord: 173.8ms)


  
Blacklight::Exceptions::InvalidRequest (RSolr::Error::Http - 500 Internal Server Error
Error: {
  "responseHeader":{
    "zkConnected":true,
    "status":500,
    "QTime":13,
    "params":{
      "q":"{!qf=$title_qf pf=$title_pf}test",
      "spellcheck.q":"test",
      "spellcheck.dictionary":"title",
      "rows":"10",
      "wt":"json"}},

URI: http://index-test.kb.dk/solr/adl-core/select?wt=json&&&&&&rows=10&spellcheck.dictionary=title&q=%7B%21qf%3D%24title_qf+pf%3D%24title_pf%7Dtest&spellcheck.q=test

Backtrace: /home/nkh/.rvm/gems/ruby-2.3.1/gems/rsolr-2.0.2/lib/rsolr/client.rb:195:in `rescue in execute'
/home/nkh/.rvm/gems/ruby-2.3.1/gems/rsolr-2.0.2/lib/rsolr/client.rb:185:in `execute'
/home/nkh/.rvm/gems/ruby-2.3.1/gems/rsolr-2.0.2/lib/rsolr/client.rb:180:in `send_and_receive'
/home/nkh/.rvm/gems/ruby-2.3.1/bundler/gems/blacklight-642b89a4d882/lib/blacklight/solr/repository.rb:38:in `block in send_and_receive'
/home/nkh/.rvm/gems/ruby-2.3.1/gems/activesupport-5.1.4/lib/active_support/benchmarkable.rb:41:in `block in benchmark'
/home/nkh/.rvm/gems/ruby-2.3.1/gems/activesupport-5.1.4/lib/active_support/core_ext/benchmark.rb:12:in `block in ms'
/home/nkh/.rvm/rubies/ruby-2.3.1/lib/ruby/2.3.0/benchmark.rb:308:in `realtime'
/home/nkh/.rvm/gems/ruby-2.3.1/gems/activesupport-5.1.4/lib/active_support/core_ext/benchmark.rb:12:in `ms'
/home/nkh/.rvm/gems/ruby-2.3.1/gems/activesupport-5.1.4/lib/active_support/benchmarkable.rb:41:in `benchmark'
/home/nkh/.rvm/gems/ruby-2.3.1/bundler/gems/blacklight-642b89a4d882/lib/blacklight/solr/repository.rb:36:in `send_and_receive'
/home/nkh/.rvm/gems/ruby-2.3.1/bundler/gems/blacklight-642b89a4d882/lib/blacklight/solr/repository.rb:22:in `search'):
  
/home/nkh/.rvm/gems/ruby-2.3.1/bundler/gems/blacklight-642b89a4d882/lib/blacklight/solr/repository.rb:49:in `rescue in send_and_receive'
/home/nkh/.rvm/gems/ruby-2.3.1/bundler/gems/blacklight-642b89a4d882/lib/blacklight/solr/repository.rb:36:in `send_and_receive'
/home/nkh/.rvm/gems/ruby-2.3.1/bundler/gems/blacklight-642b89a4d882/lib/blacklight/solr/repository.rb:22:in `search'
/home/nkh/.rvm/gems/ruby-2.3.1/bundler/gems/blacklight-642b89a4d882/app/services/blacklight/search_service.rb:25:in `search_results'
/home/nkh/.rvm/gems/ruby-2.3.1/bundler/gems/blacklight-642b89a4d882/app/controllers/concerns/blacklight/catalog.rb:25:in `index'
actionpack (5.1.4) lib/action_controller/metal/basic_implicit_render.rb:4:in `send_action'
actionpack (5.1.4) lib/abstract_controller/base.rb:186:in `process_action'
actionpack (5.1.4) lib/action_controller/metal/rendering.rb:30:in `process_action'
actionpack (5.1.4) lib/abstract_controller/callbacks.rb:20:in `block in process_action'
activesupport (5.1.4) lib/active_support/callbacks.rb:131:in `run_callbacks'
actionpack (5.1.4) lib/abstract_controller/callbacks.rb:19:in `process_action'
actionpack (5.1.4) lib/action_controller/metal/rescue.rb:20:in `process_action'
actionpack (5.1.4) lib/action_controller/metal/instrumentation.rb:32:in `block in process_action'
activesupport (5.1.4) lib/active_support/notifications.rb:166:in `block in instrument'
activesupport (5.1.4) lib/active_support/notifications/instrumenter.rb:21:in `instrument'
activesupport (5.1.4) lib/active_support/notifications.rb:166:in `instrument'
actionpack (5.1.4) lib/action_controller/metal/instrumentation.rb:30:in `process_action'
actionpack (5.1.4) lib/action_controller/metal/params_wrapper.rb:252:in `process_action'
activerecord (5.1.4) lib/active_record/railties/controller_runtime.rb:22:in `process_action'
actionpack (5.1.4) lib/abstract_controller/base.rb:124:in `process'
actionview (5.1.4) lib/action_view/rendering.rb:30:in `process'
actionpack (5.1.4) lib/action_controller/metal.rb:189:in `dispatch'
actionpack (5.1.4) lib/action_controller/metal.rb:253:in `dispatch'
actionpack (5.1.4) lib/action_dispatch/routing/route_set.rb:49:in `dispatch'
actionpack (5.1.4) lib/action_dispatch/routing/route_set.rb:31:in `serve'
actionpack (5.1.4) lib/action_dispatch/journey/router.rb:50:in `block in serve'
actionpack (5.1.4) lib/action_dispatch/journey/router.rb:33:in `each'
actionpack (5.1.4) lib/action_dispatch/journey/router.rb:33:in `serve'
actionpack (5.1.4) lib/action_dispatch/routing/route_set.rb:834:in `call'
warden (1.2.7) lib/warden/manager.rb:36:in `block in call'
warden (1.2.7) lib/warden/manager.rb:35:in `catch'
warden (1.2.7) lib/warden/manager.rb:35:in `call'
rack (2.0.3) lib/rack/etag.rb:25:in `call'
rack (2.0.3) lib/rack/conditional_get.rb:25:in `call'
rack (2.0.3) lib/rack/head.rb:12:in `call'
rack (2.0.3) lib/rack/session/abstract/id.rb:232:in `context'
rack (2.0.3) lib/rack/session/abstract/id.rb:226:in `call'
actionpack (5.1.4) lib/action_dispatch/middleware/cookies.rb:613:in `call'
activerecord (5.1.4) lib/active_record/migration.rb:556:in `call'
actionpack (5.1.4) lib/action_dispatch/middleware/callbacks.rb:26:in `block in call'
activesupport (5.1.4) lib/active_support/callbacks.rb:97:in `run_callbacks'
actionpack (5.1.4) lib/action_dispatch/middleware/callbacks.rb:24:in `call'
actionpack (5.1.4) lib/action_dispatch/middleware/executor.rb:12:in `call'
actionpack (5.1.4) lib/action_dispatch/middleware/debug_exceptions.rb:59:in `call'
web-console (3.5.1) lib/web_console/middleware.rb:135:in `call_app'
web-console (3.5.1) lib/web_console/middleware.rb:28:in `block in call'
web-console (3.5.1) lib/web_console/middleware.rb:18:in `catch'
web-console (3.5.1) lib/web_console/middleware.rb:18:in `call'
actionpack (5.1.4) lib/action_dispatch/middleware/show_exceptions.rb:31:in `call'
railties (5.1.4) lib/rails/rack/logger.rb:36:in `call_app'
railties (5.1.4) lib/rails/rack/logger.rb:24:in `block in call'
activesupport (5.1.4) lib/active_support/tagged_logging.rb:69:in `block in tagged'
activesupport (5.1.4) lib/active_support/tagged_logging.rb:26:in `tagged'
activesupport (5.1.4) lib/active_support/tagged_logging.rb:69:in `tagged'
railties (5.1.4) lib/rails/rack/logger.rb:24:in `call'
sprockets-rails (3.2.1) lib/sprockets/rails/quiet_assets.rb:13:in `call'
actionpack (5.1.4) lib/action_dispatch/middleware/remote_ip.rb:79:in `call'
actionpack (5.1.4) lib/action_dispatch/middleware/request_id.rb:25:in `call'
rack (2.0.3) lib/rack/method_override.rb:22:in `call'
rack (2.0.3) lib/rack/runtime.rb:22:in `call'
activesupport (5.1.4) lib/active_support/cache/strategy/local_cache_middleware.rb:27:in `call'
actionpack (5.1.4) lib/action_dispatch/middleware/executor.rb:12:in `call'
actionpack (5.1.4) lib/action_dispatch/middleware/static.rb:125:in `call'
rack (2.0.3) lib/rack/sendfile.rb:111:in `call'
railties (5.1.4) lib/rails/engine.rb:522:in `call'
puma (3.10.0) lib/puma/configuration.rb:225:in `call'
puma (3.10.0) lib/puma/server.rb:605:in `handle_request'
puma (3.10.0) lib/puma/server.rb:437:in `process_client'
puma (3.10.0) lib/puma/server.rb:301:in `block in run'
puma (3.10.0) lib/puma/thread_pool.rb:120:in `block in spawn_thread'
Started GET "/" for 127.0.0.1 at 2017-11-15 14:18:21 +0100
  [1m[35m (0.1ms)[0m  [1m[34mSELECT "schema_migrations"."version" FROM "schema_migrations" ORDER BY "schema_migrations"."version" ASC[0m
Processing by CatalogController#index as HTML
Invalid sort field: '' was provided.
Solr query: get select {"qt"=>nil, "facet.field"=>[], "facet.query"=>[], "facet.pivot"=>[], "fq"=>[], "hl.fl"=>[], "rows"=>10}
Solr fetch (5249.1ms)
  Rendering /home/nkh/.rvm/gems/ruby-2.3.1/bundler/gems/blacklight-642b89a4d882/app/views/catalog/index.html.erb within layouts/blacklight
  Rendered /home/nkh/.rvm/gems/ruby-2.3.1/bundler/gems/blacklight-642b89a4d882/app/views/catalog/_facets.html.erb (1.3ms)
  Rendered /home/nkh/.rvm/gems/ruby-2.3.1/bundler/gems/blacklight-642b89a4d882/app/views/catalog/_search_sidebar.html.erb (3.1ms)
  Rendered /home/nkh/.rvm/gems/ruby-2.3.1/bundler/gems/blacklight-642b89a4d882/app/views/catalog/_home_text.html.erb (27.6ms)
  Rendered /home/nkh/.rvm/gems/ruby-2.3.1/bundler/gems/blacklight-642b89a4d882/app/views/catalog/_home.html.erb (29.0ms)
  Rendered /home/nkh/.rvm/gems/ruby-2.3.1/bundler/gems/blacklight-642b89a4d882/app/views/shared/_sitelinks_search_box.html.erb (0.7ms)
  Rendered /home/nkh/.rvm/gems/ruby-2.3.1/bundler/gems/blacklight-642b89a4d882/app/views/catalog/index.html.erb within layouts/blacklight (38.1ms)
  Rendering /home/nkh/.rvm/gems/ruby-2.3.1/bundler/gems/blacklight-642b89a4d882/app/views/layouts/blacklight/base.html.erb
  Rendered /home/nkh/.rvm/gems/ruby-2.3.1/bundler/gems/blacklight-642b89a4d882/app/views/blacklight/nav/_search_history.html.erb (3.9ms)
  Rendered /home/nkh/.rvm/gems/ruby-2.3.1/bundler/gems/blacklight-642b89a4d882/app/views/shared/_user_util_links.html.erb (6.4ms)
  Rendered /home/nkh/.rvm/gems/ruby-2.3.1/bundler/gems/blacklight-642b89a4d882/app/views/catalog/_search_form.html.erb (6.9ms)
  Rendered /home/nkh/.rvm/gems/ruby-2.3.1/bundler/gems/blacklight-642b89a4d882/app/views/shared/_header_navbar.html.erb (19.1ms)
  Rendered /home/nkh/.rvm/gems/ruby-2.3.1/bundler/gems/blacklight-642b89a4d882/app/views/shared/_flash_msg.html.erb (1.8ms)
  Rendered /home/nkh/.rvm/gems/ruby-2.3.1/bundler/gems/blacklight-642b89a4d882/app/views/shared/_footer.html.erb (0.3ms)
  Rendered /home/nkh/.rvm/gems/ruby-2.3.1/bundler/gems/blacklight-642b89a4d882/app/views/shared/_modal.html.erb (0.7ms)
  Rendered /home/nkh/.rvm/gems/ruby-2.3.1/bundler/gems/blacklight-642b89a4d882/app/views/layouts/blacklight/base.html.erb (303.8ms)
Completed 200 OK in 5623ms (Views: 350.6ms | ActiveRecord: 0.0ms)


Started GET "/catalog/suggest?q=test" for 127.0.0.1 at 2017-11-15 14:18:31 +0100
Processing by CatalogController#suggest as JSON
  Parameters: {"q"=>"test"}
Completed 200 OK in 37ms (Views: 0.4ms | ActiveRecord: 0.0ms)


Started GET "/catalog?utf8=%E2%9C%93&search_field=title&q=test" for 127.0.0.1 at 2017-11-15 14:18:31 +0100
Processing by CatalogController#index as HTML
  Parameters: {"utf8"=>"✓", "search_field"=>"title", "q"=>"test"}
  [1m[36mSearch Load (0.1ms)[0m  [1m[34mSELECT "searches".* FROM "searches" WHERE "searches"."id" = 1 ORDER BY updated_at desc[0m
  [1m[35m (0.1ms)[0m  [1m[36mbegin transaction[0m
  [1m[35mSQL (2.4ms)[0m  [1m[32mINSERT INTO "searches" ("query_params", "created_at", "updated_at") VALUES (?, ?, ?)[0m  [["query_params", "<130 bytes of binary data>"], ["created_at", "2017-11-15 13:18:31.943631"], ["updated_at", "2017-11-15 13:18:31.943631"]]
  [1m[35m (174.3ms)[0m  [1m[36mcommit transaction[0m
Invalid sort field: '' was provided.
Completed 500 Internal Server Error in 277ms (ActiveRecord: 179.1ms)


  
Blacklight::Exceptions::InvalidRequest (RSolr::Error::Http - 500 Internal Server Error
Error: {
  "responseHeader":{
    "zkConnected":true,
    "status":500,
    "QTime":8,
    "params":{
      "q":"{!qf=$title_qf pf=$title_pf}test",
      "spellcheck.q":"test",
      "spellcheck.dictionary":"title",
      "rows":"10",
      "wt":"json"}},

URI: http://index-test.kb.dk/solr/adl-core/select?wt=json&&&&&&rows=10&spellcheck.dictionary=title&q=%7B%21qf%3D%24title_qf+pf%3D%24title_pf%7Dtest&spellcheck.q=test

Backtrace: /home/nkh/.rvm/gems/ruby-2.3.1/gems/rsolr-2.0.2/lib/rsolr/client.rb:195:in `rescue in execute'
/home/nkh/.rvm/gems/ruby-2.3.1/gems/rsolr-2.0.2/lib/rsolr/client.rb:185:in `execute'
/home/nkh/.rvm/gems/ruby-2.3.1/gems/rsolr-2.0.2/lib/rsolr/client.rb:180:in `send_and_receive'
/home/nkh/.rvm/gems/ruby-2.3.1/bundler/gems/blacklight-642b89a4d882/lib/blacklight/solr/repository.rb:38:in `block in send_and_receive'
/home/nkh/.rvm/gems/ruby-2.3.1/gems/activesupport-5.1.4/lib/active_support/benchmarkable.rb:41:in `block in benchmark'
/home/nkh/.rvm/gems/ruby-2.3.1/gems/activesupport-5.1.4/lib/active_support/core_ext/benchmark.rb:12:in `block in ms'
/home/nkh/.rvm/rubies/ruby-2.3.1/lib/ruby/2.3.0/benchmark.rb:308:in `realtime'
/home/nkh/.rvm/gems/ruby-2.3.1/gems/activesupport-5.1.4/lib/active_support/core_ext/benchmark.rb:12:in `ms'
/home/nkh/.rvm/gems/ruby-2.3.1/gems/activesupport-5.1.4/lib/active_support/benchmarkable.rb:41:in `benchmark'
/home/nkh/.rvm/gems/ruby-2.3.1/bundler/gems/blacklight-642b89a4d882/lib/blacklight/solr/repository.rb:36:in `send_and_receive'
/home/nkh/.rvm/gems/ruby-2.3.1/bundler/gems/blacklight-642b89a4d882/lib/blacklight/solr/repository.rb:22:in `search'):
  
/home/nkh/.rvm/gems/ruby-2.3.1/bundler/gems/blacklight-642b89a4d882/lib/blacklight/solr/repository.rb:49:in `rescue in send_and_receive'
/home/nkh/.rvm/gems/ruby-2.3.1/bundler/gems/blacklight-642b89a4d882/lib/blacklight/solr/repository.rb:36:in `send_and_receive'
/home/nkh/.rvm/gems/ruby-2.3.1/bundler/gems/blacklight-642b89a4d882/lib/blacklight/solr/repository.rb:22:in `search'
/home/nkh/.rvm/gems/ruby-2.3.1/bundler/gems/blacklight-642b89a4d882/app/services/blacklight/search_service.rb:25:in `search_results'
/home/nkh/.rvm/gems/ruby-2.3.1/bundler/gems/blacklight-642b89a4d882/app/controllers/concerns/blacklight/catalog.rb:25:in `index'
actionpack (5.1.4) lib/action_controller/metal/basic_implicit_render.rb:4:in `send_action'
actionpack (5.1.4) lib/abstract_controller/base.rb:186:in `process_action'
actionpack (5.1.4) lib/action_controller/metal/rendering.rb:30:in `process_action'
actionpack (5.1.4) lib/abstract_controller/callbacks.rb:20:in `block in process_action'
activesupport (5.1.4) lib/active_support/callbacks.rb:131:in `run_callbacks'
actionpack (5.1.4) lib/abstract_controller/callbacks.rb:19:in `process_action'
actionpack (5.1.4) lib/action_controller/metal/rescue.rb:20:in `process_action'
actionpack (5.1.4) lib/action_controller/metal/instrumentation.rb:32:in `block in process_action'
activesupport (5.1.4) lib/active_support/notifications.rb:166:in `block in instrument'
activesupport (5.1.4) lib/active_support/notifications/instrumenter.rb:21:in `instrument'
activesupport (5.1.4) lib/active_support/notifications.rb:166:in `instrument'
actionpack (5.1.4) lib/action_controller/metal/instrumentation.rb:30:in `process_action'
actionpack (5.1.4) lib/action_controller/metal/params_wrapper.rb:252:in `process_action'
activerecord (5.1.4) lib/active_record/railties/controller_runtime.rb:22:in `process_action'
actionpack (5.1.4) lib/abstract_controller/base.rb:124:in `process'
actionview (5.1.4) lib/action_view/rendering.rb:30:in `process'
actionpack (5.1.4) lib/action_controller/metal.rb:189:in `dispatch'
actionpack (5.1.4) lib/action_controller/metal.rb:253:in `dispatch'
actionpack (5.1.4) lib/action_dispatch/routing/route_set.rb:49:in `dispatch'
actionpack (5.1.4) lib/action_dispatch/routing/route_set.rb:31:in `serve'
actionpack (5.1.4) lib/action_dispatch/journey/router.rb:50:in `block in serve'
actionpack (5.1.4) lib/action_dispatch/journey/router.rb:33:in `each'
actionpack (5.1.4) lib/action_dispatch/journey/router.rb:33:in `serve'
actionpack (5.1.4) lib/action_dispatch/routing/route_set.rb:834:in `call'
warden (1.2.7) lib/warden/manager.rb:36:in `block in call'
warden (1.2.7) lib/warden/manager.rb:35:in `catch'
warden (1.2.7) lib/warden/manager.rb:35:in `call'
rack (2.0.3) lib/rack/etag.rb:25:in `call'
rack (2.0.3) lib/rack/conditional_get.rb:25:in `call'
rack (2.0.3) lib/rack/head.rb:12:in `call'
rack (2.0.3) lib/rack/session/abstract/id.rb:232:in `context'
rack (2.0.3) lib/rack/session/abstract/id.rb:226:in `call'
actionpack (5.1.4) lib/action_dispatch/middleware/cookies.rb:613:in `call'
activerecord (5.1.4) lib/active_record/migration.rb:556:in `call'
actionpack (5.1.4) lib/action_dispatch/middleware/callbacks.rb:26:in `block in call'
activesupport (5.1.4) lib/active_support/callbacks.rb:97:in `run_callbacks'
actionpack (5.1.4) lib/action_dispatch/middleware/callbacks.rb:24:in `call'
actionpack (5.1.4) lib/action_dispatch/middleware/executor.rb:12:in `call'
actionpack (5.1.4) lib/action_dispatch/middleware/debug_exceptions.rb:59:in `call'
web-console (3.5.1) lib/web_console/middleware.rb:135:in `call_app'
web-console (3.5.1) lib/web_console/middleware.rb:28:in `block in call'
web-console (3.5.1) lib/web_console/middleware.rb:18:in `catch'
web-console (3.5.1) lib/web_console/middleware.rb:18:in `call'
actionpack (5.1.4) lib/action_dispatch/middleware/show_exceptions.rb:31:in `call'
railties (5.1.4) lib/rails/rack/logger.rb:36:in `call_app'
railties (5.1.4) lib/rails/rack/logger.rb:24:in `block in call'
activesupport (5.1.4) lib/active_support/tagged_logging.rb:69:in `block in tagged'
activesupport (5.1.4) lib/active_support/tagged_logging.rb:26:in `tagged'
activesupport (5.1.4) lib/active_support/tagged_logging.rb:69:in `tagged'
railties (5.1.4) lib/rails/rack/logger.rb:24:in `call'
sprockets-rails (3.2.1) lib/sprockets/rails/quiet_assets.rb:13:in `call'
actionpack (5.1.4) lib/action_dispatch/middleware/remote_ip.rb:79:in `call'
actionpack (5.1.4) lib/action_dispatch/middleware/request_id.rb:25:in `call'
rack (2.0.3) lib/rack/method_override.rb:22:in `call'
rack (2.0.3) lib/rack/runtime.rb:22:in `call'
activesupport (5.1.4) lib/active_support/cache/strategy/local_cache_middleware.rb:27:in `call'
actionpack (5.1.4) lib/action_dispatch/middleware/executor.rb:12:in `call'
actionpack (5.1.4) lib/action_dispatch/middleware/static.rb:125:in `call'
rack (2.0.3) lib/rack/sendfile.rb:111:in `call'
railties (5.1.4) lib/rails/engine.rb:522:in `call'
puma (3.10.0) lib/puma/configuration.rb:225:in `call'
puma (3.10.0) lib/puma/server.rb:605:in `handle_request'
puma (3.10.0) lib/puma/server.rb:437:in `process_client'
puma (3.10.0) lib/puma/server.rb:301:in `block in run'
puma (3.10.0) lib/puma/thread_pool.rb:120:in `block in spawn_thread'
Started GET "/" for 127.0.0.1 at 2017-11-15 14:19:43 +0100
  [1m[35m (0.1ms)[0m  [1m[34mSELECT "schema_migrations"."version" FROM "schema_migrations" ORDER BY "schema_migrations"."version" ASC[0m
Processing by CatalogController#index as HTML
Invalid sort field: '' was provided.
Solr query: get select {"qt"=>nil, "facet.field"=>[], "facet.query"=>[], "facet.pivot"=>[], "fq"=>[], "hl.fl"=>[], "rows"=>10}
Solr fetch (5085.8ms)
  Rendering /home/nkh/.rvm/gems/ruby-2.3.1/bundler/gems/blacklight-642b89a4d882/app/views/catalog/index.html.erb within layouts/blacklight
  Rendered /home/nkh/.rvm/gems/ruby-2.3.1/bundler/gems/blacklight-642b89a4d882/app/views/catalog/_facets.html.erb (0.3ms)
  Rendered /home/nkh/.rvm/gems/ruby-2.3.1/bundler/gems/blacklight-642b89a4d882/app/views/catalog/_search_sidebar.html.erb (1.3ms)
  Rendered /home/nkh/.rvm/gems/ruby-2.3.1/bundler/gems/blacklight-642b89a4d882/app/views/catalog/_home_text.html.erb (27.5ms)
  Rendered /home/nkh/.rvm/gems/ruby-2.3.1/bundler/gems/blacklight-642b89a4d882/app/views/catalog/_home.html.erb (28.6ms)
  Rendered /home/nkh/.rvm/gems/ruby-2.3.1/bundler/gems/blacklight-642b89a4d882/app/views/shared/_sitelinks_search_box.html.erb (0.6ms)
  Rendered /home/nkh/.rvm/gems/ruby-2.3.1/bundler/gems/blacklight-642b89a4d882/app/views/catalog/index.html.erb within layouts/blacklight (35.0ms)
  Rendering /home/nkh/.rvm/gems/ruby-2.3.1/bundler/gems/blacklight-642b89a4d882/app/views/layouts/blacklight/base.html.erb
  Rendered /home/nkh/.rvm/gems/ruby-2.3.1/bundler/gems/blacklight-642b89a4d882/app/views/blacklight/nav/_search_history.html.erb (1.6ms)
  Rendered /home/nkh/.rvm/gems/ruby-2.3.1/bundler/gems/blacklight-642b89a4d882/app/views/shared/_user_util_links.html.erb (3.6ms)
  Rendered /home/nkh/.rvm/gems/ruby-2.3.1/bundler/gems/blacklight-642b89a4d882/app/views/catalog/_search_form.html.erb (5.3ms)
  Rendered /home/nkh/.rvm/gems/ruby-2.3.1/bundler/gems/blacklight-642b89a4d882/app/views/shared/_header_navbar.html.erb (12.3ms)
  Rendered /home/nkh/.rvm/gems/ruby-2.3.1/bundler/gems/blacklight-642b89a4d882/app/views/shared/_flash_msg.html.erb (2.3ms)
  Rendered /home/nkh/.rvm/gems/ruby-2.3.1/bundler/gems/blacklight-642b89a4d882/app/views/shared/_footer.html.erb (0.3ms)
  Rendered /home/nkh/.rvm/gems/ruby-2.3.1/bundler/gems/blacklight-642b89a4d882/app/views/shared/_modal.html.erb (2.7ms)
  Rendered /home/nkh/.rvm/gems/ruby-2.3.1/bundler/gems/blacklight-642b89a4d882/app/views/layouts/blacklight/base.html.erb (307.5ms)
Completed 200 OK in 5453ms (Views: 353.7ms | ActiveRecord: 0.0ms)


Started GET "/catalog/suggest?q=test" for 127.0.0.1 at 2017-11-15 14:19:53 +0100
Processing by CatalogController#suggest as JSON
  Parameters: {"q"=>"test"}
Completed 200 OK in 24ms (Views: 0.4ms | ActiveRecord: 0.0ms)


Started GET "/catalog?utf8=%E2%9C%93&q=test" for 127.0.0.1 at 2017-11-15 14:19:53 +0100
Processing by CatalogController#index as HTML
  Parameters: {"utf8"=>"✓", "q"=>"test"}
  [1m[36mSearch Load (0.1ms)[0m  [1m[34mSELECT "searches".* FROM "searches" WHERE "searches"."id" = 1 ORDER BY updated_at desc[0m
  [1m[35m (0.1ms)[0m  [1m[36mbegin transaction[0m
  [1m[35mSQL (2.7ms)[0m  [1m[32mINSERT INTO "searches" ("query_params", "created_at", "updated_at") VALUES (?, ?, ?)[0m  [["query_params", "<110 bytes of binary data>"], ["created_at", "2017-11-15 13:19:53.450289"], ["updated_at", "2017-11-15 13:19:53.450289"]]
  [1m[35m (5.7ms)[0m  [1m[36mcommit transaction[0m
Invalid sort field: '' was provided.
Solr query: get select {"qt"=>nil, "facet.field"=>[], "facet.query"=>[], "facet.pivot"=>[], "fq"=>[], "hl.fl"=>[], "rows"=>10, "q"=>"test"}
Solr fetch (38.5ms)
  Rendering /home/nkh/.rvm/gems/ruby-2.3.1/bundler/gems/blacklight-642b89a4d882/app/views/catalog/index.html.erb within layouts/blacklight
  Rendered /home/nkh/.rvm/gems/ruby-2.3.1/bundler/gems/blacklight-642b89a4d882/app/views/catalog/_facets.html.erb (0.4ms)
  Rendered /home/nkh/.rvm/gems/ruby-2.3.1/bundler/gems/blacklight-642b89a4d882/app/views/catalog/_search_sidebar.html.erb (1.8ms)
  Rendered /home/nkh/.rvm/gems/ruby-2.3.1/bundler/gems/blacklight-642b89a4d882/app/views/catalog/_opensearch_response_metadata.html.erb (0.6ms)
  Rendered /home/nkh/.rvm/gems/ruby-2.3.1/bundler/gems/blacklight-642b89a4d882/app/views/catalog/_constraints_element.html.erb (1.9ms)
  Rendered /home/nkh/.rvm/gems/ruby-2.3.1/bundler/gems/blacklight-642b89a4d882/app/views/catalog/_constraints.html.erb (6.0ms)
  Rendered /home/nkh/.rvm/gems/ruby-2.3.1/bundler/gems/blacklight-642b89a4d882/app/views/catalog/_did_you_mean.html.erb (0.4ms)
  Rendered /home/nkh/.rvm/gems/ruby-2.3.1/bundler/gems/blacklight-642b89a4d882/app/views/catalog/_paginate_compact.html.erb (17.9ms)
  Rendered /home/nkh/.rvm/gems/ruby-2.3.1/bundler/gems/blacklight-642b89a4d882/app/views/catalog/_sort_widget.html.erb (1.0ms)
  Rendered /home/nkh/.rvm/gems/ruby-2.3.1/bundler/gems/blacklight-642b89a4d882/app/views/catalog/_per_page_widget.html.erb (6.3ms)
  Rendered /home/nkh/.rvm/gems/ruby-2.3.1/bundler/gems/blacklight-642b89a4d882/app/views/catalog/_view_type_group.html.erb (1.1ms)
  Rendered /home/nkh/.rvm/gems/ruby-2.3.1/bundler/gems/blacklight-642b89a4d882/app/views/catalog/_sort_and_per_page.html.erb (36.9ms)
  Rendered /home/nkh/.rvm/gems/ruby-2.3.1/bundler/gems/blacklight-642b89a4d882/app/views/catalog/_search_header.html.erb (39.2ms)
Looking for document index partial document_list
Looking for document partial index_header_list_default
Looking for document partial index_header_list_default
Looking for document partial index_header_default
Looking for document partial index_header_default
Looking for document partial index_header
Looking for document partial thumbnail_list_default
Looking for document partial thumbnail_list_default
Looking for document partial thumbnail_default
Looking for document partial thumbnail_default
Looking for document partial thumbnail
Looking for document partial index_list_default
Looking for document partial index_list_default
Looking for document partial index_default
Looking for document partial index_default
Looking for document partial index
  Rendered collection of /home/nkh/.rvm/gems/ruby-2.3.1/bundler/gems/blacklight-642b89a4d882/app/views/catalog/_document.html.erb [10 times] (246.0ms)
  Rendered /home/nkh/.rvm/gems/ruby-2.3.1/bundler/gems/blacklight-642b89a4d882/app/views/catalog/_results_pagination.html.erb (23.7ms)
  Rendered /home/nkh/.rvm/gems/ruby-2.3.1/bundler/gems/blacklight-642b89a4d882/app/views/catalog/_search_results.html.erb (335.4ms)
  Rendered /home/nkh/.rvm/gems/ruby-2.3.1/bundler/gems/blacklight-642b89a4d882/app/views/catalog/index.html.erb within layouts/blacklight (339.6ms)
  Rendering /home/nkh/.rvm/gems/ruby-2.3.1/bundler/gems/blacklight-642b89a4d882/app/views/layouts/blacklight/base.html.erb
  Rendered /home/nkh/.rvm/gems/ruby-2.3.1/bundler/gems/blacklight-642b89a4d882/app/views/blacklight/nav/_search_history.html.erb (0.6ms)
  Rendered /home/nkh/.rvm/gems/ruby-2.3.1/bundler/gems/blacklight-642b89a4d882/app/views/shared/_user_util_links.html.erb (2.2ms)
  Rendered /home/nkh/.rvm/gems/ruby-2.3.1/bundler/gems/blacklight-642b89a4d882/app/views/catalog/_search_form.html.erb (3.4ms)
  Rendered /home/nkh/.rvm/gems/ruby-2.3.1/bundler/gems/blacklight-642b89a4d882/app/views/shared/_header_navbar.html.erb (8.0ms)
  Rendered /home/nkh/.rvm/gems/ruby-2.3.1/bundler/gems/blacklight-642b89a4d882/app/views/shared/_flash_msg.html.erb (1.1ms)
  Rendered /home/nkh/.rvm/gems/ruby-2.3.1/bundler/gems/blacklight-642b89a4d882/app/views/shared/_footer.html.erb (0.1ms)
  Rendered /home/nkh/.rvm/gems/ruby-2.3.1/bundler/gems/blacklight-642b89a4d882/app/views/shared/_modal.html.erb (0.2ms)
  Rendered /home/nkh/.rvm/gems/ruby-2.3.1/bundler/gems/blacklight-642b89a4d882/app/views/layouts/blacklight/base.html.erb (74.7ms)
Completed 200 OK in 511ms (Views: 418.1ms | ActiveRecord: 9.3ms)


Started POST "/catalog/stub02val-idm139871598150608/track?counter=1&search_id=4" for 127.0.0.1 at 2017-11-15 14:19:59 +0100
Processing by CatalogController#track as HTML
  Parameters: {"authenticity_token"=>"vbF+5gMqihvENoa5oor8Q0ZXzyVjZwdKJWriQB8eWbQHl9YIiXCNEB+Bjf5eRswVDv47zO+b7Aob9ZYhn0lvrQ==", "redirect"=>"/catalog/stub02val-idm139871598150608", "counter"=>"1", "search_id"=>"4", "id"=>"stub02val-idm139871598150608"}
Redirected to http://localhost:3000/catalog/stub02val-idm139871598150608
Completed 303 See Other in 2ms (ActiveRecord: 0.0ms)


Started GET "/catalog/stub02val-idm139871598150608" for 127.0.0.1 at 2017-11-15 14:19:59 +0100
Processing by CatalogController#show as HTML
  Parameters: {"id"=>"stub02val-idm139871598150608"}
Solr query: get get {:qt=>nil, :ids=>"stub02val-idm139871598150608"}
Solr fetch (257.8ms)
  [1m[36mSearch Load (0.2ms)[0m  [1m[34mSELECT  "searches".* FROM "searches" WHERE "searches"."id" IN (4, 1) AND "searches"."id" = ? ORDER BY updated_at desc LIMIT ?[0m  [["id", 4], ["LIMIT", 1]]
Invalid sort field: '' was provided.
Solr query: get select {"qt"=>nil, "facet.field"=>[], "facet.query"=>[], "facet.pivot"=>[], "fq"=>[], "hl.fl"=>[], "rows"=>2, "q"=>"test", "fl"=>"id", "facet"=>false}
Solr fetch (13.9ms)
  Rendering /home/nkh/.rvm/gems/ruby-2.3.1/bundler/gems/blacklight-642b89a4d882/app/views/catalog/show.html.erb within layouts/catalog_result
  Rendered /home/nkh/.rvm/gems/ruby-2.3.1/bundler/gems/blacklight-642b89a4d882/app/views/catalog/_previous_next_doc.html.erb (1.5ms)
Looking for document partial show_header_list_default
Looking for document partial show_header_list_default
Looking for document partial show_header_default
Looking for document partial show_header_default
Looking for document partial show_header
Looking for document partial show_list_default
Looking for document partial show_list_default
Looking for document partial show_default
Looking for document partial show_default
Looking for document partial show
  Rendered /home/nkh/.rvm/gems/ruby-2.3.1/bundler/gems/blacklight-642b89a4d882/app/views/catalog/_show_main_content.html.erb (41.9ms)
  Rendered /home/nkh/.rvm/gems/ruby-2.3.1/bundler/gems/blacklight-642b89a4d882/app/views/catalog/_document_action.html.erb (1.1ms)
  Rendered /home/nkh/.rvm/gems/ruby-2.3.1/bundler/gems/blacklight-642b89a4d882/app/views/catalog/_document_action.html.erb (0.3ms)
  Rendered /home/nkh/.rvm/gems/ruby-2.3.1/bundler/gems/blacklight-642b89a4d882/app/views/catalog/_document_action.html.erb (0.2ms)
  Rendered /home/nkh/.rvm/gems/ruby-2.3.1/bundler/gems/blacklight-642b89a4d882/app/views/catalog/_show_tools.html.erb (7.1ms)
  Rendered /home/nkh/.rvm/gems/ruby-2.3.1/bundler/gems/blacklight-642b89a4d882/app/views/catalog/_show_sidebar.html.erb (9.8ms)
  Rendered /home/nkh/.rvm/gems/ruby-2.3.1/bundler/gems/blacklight-642b89a4d882/app/views/catalog/show.html.erb within layouts/catalog_result (56.5ms)
  Rendering /home/nkh/.rvm/gems/ruby-2.3.1/bundler/gems/blacklight-642b89a4d882/app/views/layouts/blacklight/base.html.erb
  Rendered /home/nkh/.rvm/gems/ruby-2.3.1/bundler/gems/blacklight-642b89a4d882/app/views/blacklight/nav/_search_history.html.erb (0.7ms)
  Rendered /home/nkh/.rvm/gems/ruby-2.3.1/bundler/gems/blacklight-642b89a4d882/app/views/shared/_user_util_links.html.erb (2.0ms)
  Rendered /home/nkh/.rvm/gems/ruby-2.3.1/bundler/gems/blacklight-642b89a4d882/app/views/catalog/_search_form.html.erb (3.3ms)
  Rendered /home/nkh/.rvm/gems/ruby-2.3.1/bundler/gems/blacklight-642b89a4d882/app/views/shared/_header_navbar.html.erb (7.5ms)
  Rendered /home/nkh/.rvm/gems/ruby-2.3.1/bundler/gems/blacklight-642b89a4d882/app/views/shared/_flash_msg.html.erb (1.2ms)
  Rendered /home/nkh/.rvm/gems/ruby-2.3.1/bundler/gems/blacklight-642b89a4d882/app/views/shared/_footer.html.erb (0.2ms)
  Rendered /home/nkh/.rvm/gems/ruby-2.3.1/bundler/gems/blacklight-642b89a4d882/app/views/shared/_modal.html.erb (0.2ms)
  Rendered /home/nkh/.rvm/gems/ruby-2.3.1/bundler/gems/blacklight-642b89a4d882/app/views/layouts/blacklight/base.html.erb (73.6ms)
Completed 200 OK in 414ms (Views: 136.9ms | ActiveRecord: 0.2ms)


Started GET "/" for 127.0.0.1 at 2017-11-15 14:21:06 +0100
  [1m[35m (0.1ms)[0m  [1m[34mSELECT "schema_migrations"."version" FROM "schema_migrations" ORDER BY "schema_migrations"."version" ASC[0m
Processing by CatalogController#index as HTML
Invalid sort field: '' was provided.
Solr query: get select {"qt"=>nil, "facet.field"=>[], "facet.query"=>[], "facet.pivot"=>[], "fq"=>[], "hl.fl"=>[], "rows"=>10}
Solr fetch (71.1ms)
  Rendering /home/nkh/.rvm/gems/ruby-2.3.1/bundler/gems/blacklight-642b89a4d882/app/views/catalog/index.html.erb within layouts/blacklight
  Rendered /home/nkh/.rvm/gems/ruby-2.3.1/bundler/gems/blacklight-642b89a4d882/app/views/catalog/_facets.html.erb (1.4ms)
  Rendered /home/nkh/.rvm/gems/ruby-2.3.1/bundler/gems/blacklight-642b89a4d882/app/views/catalog/_search_sidebar.html.erb (2.5ms)
  Rendered /home/nkh/.rvm/gems/ruby-2.3.1/bundler/gems/blacklight-642b89a4d882/app/views/catalog/_home_text.html.erb (27.6ms)
  Rendered /home/nkh/.rvm/gems/ruby-2.3.1/bundler/gems/blacklight-642b89a4d882/app/views/catalog/_home.html.erb (28.8ms)
  Rendered /home/nkh/.rvm/gems/ruby-2.3.1/bundler/gems/blacklight-642b89a4d882/app/views/shared/_sitelinks_search_box.html.erb (1.0ms)
  Rendered /home/nkh/.rvm/gems/ruby-2.3.1/bundler/gems/blacklight-642b89a4d882/app/views/catalog/index.html.erb within layouts/blacklight (36.4ms)
  Rendering /home/nkh/.rvm/gems/ruby-2.3.1/bundler/gems/blacklight-642b89a4d882/app/views/layouts/blacklight/base.html.erb
  Rendered /home/nkh/.rvm/gems/ruby-2.3.1/bundler/gems/blacklight-642b89a4d882/app/views/blacklight/nav/_search_history.html.erb (3.4ms)
  Rendered /home/nkh/.rvm/gems/ruby-2.3.1/bundler/gems/blacklight-642b89a4d882/app/views/shared/_user_util_links.html.erb (8.5ms)
  Rendered /home/nkh/.rvm/gems/ruby-2.3.1/bundler/gems/blacklight-642b89a4d882/app/views/catalog/_search_form.html.erb (6.9ms)
  Rendered /home/nkh/.rvm/gems/ruby-2.3.1/bundler/gems/blacklight-642b89a4d882/app/views/shared/_header_navbar.html.erb (18.8ms)
  Rendered /home/nkh/.rvm/gems/ruby-2.3.1/bundler/gems/blacklight-642b89a4d882/app/views/shared/_flash_msg.html.erb (4.0ms)
  Rendered /home/nkh/.rvm/gems/ruby-2.3.1/bundler/gems/blacklight-642b89a4d882/app/views/shared/_footer.html.erb (0.3ms)
  Rendered /home/nkh/.rvm/gems/ruby-2.3.1/bundler/gems/blacklight-642b89a4d882/app/views/shared/_modal.html.erb (0.5ms)
  Rendered /home/nkh/.rvm/gems/ruby-2.3.1/bundler/gems/blacklight-642b89a4d882/app/views/layouts/blacklight/base.html.erb (326.9ms)
Completed 200 OK in 453ms (Views: 369.0ms | ActiveRecord: 0.0ms)


Started GET "/catalog?utf8=%E2%9C%93&q=test" for 127.0.0.1 at 2017-11-15 14:21:11 +0100
Processing by CatalogController#index as HTML
  Parameters: {"utf8"=>"✓", "q"=>"test"}
  [1m[36mSearch Load (0.2ms)[0m  [1m[34mSELECT "searches".* FROM "searches" WHERE "searches"."id" IN (4, 1) ORDER BY updated_at desc[0m
Invalid sort field: '' was provided.
Solr query: get select {"qt"=>nil, "facet.field"=>[], "facet.query"=>[], "facet.pivot"=>[], "fq"=>[], "hl.fl"=>[], "rows"=>10, "q"=>"test"}
Solr fetch (30.8ms)
  Rendering /home/nkh/.rvm/gems/ruby-2.3.1/bundler/gems/blacklight-642b89a4d882/app/views/catalog/index.html.erb within layouts/blacklight
  Rendered /home/nkh/.rvm/gems/ruby-2.3.1/bundler/gems/blacklight-642b89a4d882/app/views/catalog/_facets.html.erb (0.3ms)
  Rendered /home/nkh/.rvm/gems/ruby-2.3.1/bundler/gems/blacklight-642b89a4d882/app/views/catalog/_search_sidebar.html.erb (1.3ms)
  Rendered /home/nkh/.rvm/gems/ruby-2.3.1/bundler/gems/blacklight-642b89a4d882/app/views/catalog/_opensearch_response_metadata.html.erb (0.6ms)
  Rendered /home/nkh/.rvm/gems/ruby-2.3.1/bundler/gems/blacklight-642b89a4d882/app/views/catalog/_constraints_element.html.erb (1.3ms)
  Rendered /home/nkh/.rvm/gems/ruby-2.3.1/bundler/gems/blacklight-642b89a4d882/app/views/catalog/_constraints.html.erb (5.0ms)
  Rendered /home/nkh/.rvm/gems/ruby-2.3.1/bundler/gems/blacklight-642b89a4d882/app/views/catalog/_did_you_mean.html.erb (1.2ms)
  Rendered /home/nkh/.rvm/gems/ruby-2.3.1/bundler/gems/blacklight-642b89a4d882/app/views/catalog/_paginate_compact.html.erb (22.3ms)
  Rendered /home/nkh/.rvm/gems/ruby-2.3.1/bundler/gems/blacklight-642b89a4d882/app/views/catalog/_sort_widget.html.erb (0.5ms)
Started GET "/catalog/suggest?q=test" for 127.0.0.1 at 2017-11-15 14:21:11 +0100
Processing by CatalogController#suggest as JSON
  Parameters: {"q"=>"test"}
  Rendered /home/nkh/.rvm/gems/ruby-2.3.1/bundler/gems/blacklight-642b89a4d882/app/views/catalog/_per_page_widget.html.erb (1.8ms)
  Rendered /home/nkh/.rvm/gems/ruby-2.3.1/bundler/gems/blacklight-642b89a4d882/app/views/catalog/_view_type_group.html.erb (0.9ms)
  Rendered /home/nkh/.rvm/gems/ruby-2.3.1/bundler/gems/blacklight-642b89a4d882/app/views/catalog/_sort_and_per_page.html.erb (42.7ms)
  Rendered /home/nkh/.rvm/gems/ruby-2.3.1/bundler/gems/blacklight-642b89a4d882/app/views/catalog/_search_header.html.erb (46.6ms)
Looking for document index partial document_list
Looking for document partial index_header_list_default
Looking for document partial index_header_list_default
Looking for document partial index_header_default
Looking for document partial index_header_default
Looking for document partial index_header
Completed 200 OK in 168ms (Views: 2.5ms | ActiveRecord: 0.0ms)


Looking for document partial thumbnail_list_default
Looking for document partial thumbnail_list_default
Looking for document partial thumbnail_default
Looking for document partial thumbnail_default
Looking for document partial thumbnail
Looking for document partial index_list_default
Looking for document partial index_list_default
Looking for document partial index_default
Looking for document partial index_default
Looking for document partial index
  Rendered collection of /home/nkh/.rvm/gems/ruby-2.3.1/bundler/gems/blacklight-642b89a4d882/app/views/catalog/_document.html.erb [10 times] (318.6ms)
  Rendered /home/nkh/.rvm/gems/ruby-2.3.1/bundler/gems/blacklight-642b89a4d882/app/views/catalog/_results_pagination.html.erb (16.8ms)
  Rendered /home/nkh/.rvm/gems/ruby-2.3.1/bundler/gems/blacklight-642b89a4d882/app/views/catalog/_search_results.html.erb (405.2ms)
  Rendered /home/nkh/.rvm/gems/ruby-2.3.1/bundler/gems/blacklight-642b89a4d882/app/views/catalog/index.html.erb within layouts/blacklight (408.6ms)
  Rendering /home/nkh/.rvm/gems/ruby-2.3.1/bundler/gems/blacklight-642b89a4d882/app/views/layouts/blacklight/base.html.erb
  Rendered /home/nkh/.rvm/gems/ruby-2.3.1/bundler/gems/blacklight-642b89a4d882/app/views/blacklight/nav/_search_history.html.erb (0.6ms)
  Rendered /home/nkh/.rvm/gems/ruby-2.3.1/bundler/gems/blacklight-642b89a4d882/app/views/shared/_user_util_links.html.erb (1.9ms)
  Rendered /home/nkh/.rvm/gems/ruby-2.3.1/bundler/gems/blacklight-642b89a4d882/app/views/catalog/_search_form.html.erb (3.1ms)
  Rendered /home/nkh/.rvm/gems/ruby-2.3.1/bundler/gems/blacklight-642b89a4d882/app/views/shared/_header_navbar.html.erb (7.2ms)
  Rendered /home/nkh/.rvm/gems/ruby-2.3.1/bundler/gems/blacklight-642b89a4d882/app/views/shared/_flash_msg.html.erb (1.1ms)
  Rendered /home/nkh/.rvm/gems/ruby-2.3.1/bundler/gems/blacklight-642b89a4d882/app/views/shared/_footer.html.erb (0.6ms)
  Rendered /home/nkh/.rvm/gems/ruby-2.3.1/bundler/gems/blacklight-642b89a4d882/app/views/shared/_modal.html.erb (2.8ms)
  Rendered /home/nkh/.rvm/gems/ruby-2.3.1/bundler/gems/blacklight-642b89a4d882/app/views/layouts/blacklight/base.html.erb (77.0ms)
Completed 200 OK in 550ms (Views: 491.1ms | ActiveRecord: 1.0ms)


Started POST "/catalog/stub02val-idm139871598150608/track?counter=1&search_id=4" for 127.0.0.1 at 2017-11-15 14:21:14 +0100
Processing by CatalogController#track as HTML
  Parameters: {"authenticity_token"=>"zK0eTW20npL3qiVxLUnIQC+zagNidz7YLa62Q9HrvIJ2i7aj5+6ZmSwdLjbRhfgWZxqe6u6L1ZgTMcIiUbyKmw==", "redirect"=>"/catalog/stub02val-idm139871598150608", "counter"=>"1", "search_id"=>"4", "id"=>"stub02val-idm139871598150608"}
Redirected to http://localhost:3000/catalog/stub02val-idm139871598150608
Completed 303 See Other in 2ms (ActiveRecord: 0.0ms)


Started GET "/catalog/stub02val-idm139871598150608" for 127.0.0.1 at 2017-11-15 14:21:14 +0100
Processing by CatalogController#show as HTML
  Parameters: {"id"=>"stub02val-idm139871598150608"}
Solr query: get get {:qt=>nil, :ids=>"stub02val-idm139871598150608"}
Solr fetch (54.6ms)
  [1m[36mSearch Load (0.2ms)[0m  [1m[34mSELECT  "searches".* FROM "searches" WHERE "searches"."id" IN (4, 1) AND "searches"."id" = ? ORDER BY updated_at desc LIMIT ?[0m  [["id", 4], ["LIMIT", 1]]
Invalid sort field: '' was provided.
Solr query: get select {"qt"=>nil, "facet.field"=>[], "facet.query"=>[], "facet.pivot"=>[], "fq"=>[], "hl.fl"=>[], "rows"=>2, "q"=>"test", "fl"=>"id", "facet"=>false}
Solr fetch (663.2ms)
  Rendering /home/nkh/.rvm/gems/ruby-2.3.1/bundler/gems/blacklight-642b89a4d882/app/views/catalog/show.html.erb within layouts/catalog_result
  Rendered /home/nkh/.rvm/gems/ruby-2.3.1/bundler/gems/blacklight-642b89a4d882/app/views/catalog/_previous_next_doc.html.erb (11.8ms)
Looking for document partial show_header_list_default
Looking for document partial show_header_list_default
Looking for document partial show_header_default
Looking for document partial show_header_default
Looking for document partial show_header
Looking for document partial show_list_default
Looking for document partial show_list_default
Looking for document partial show_default
Looking for document partial show_default
Looking for document partial show
  Rendered /home/nkh/.rvm/gems/ruby-2.3.1/bundler/gems/blacklight-642b89a4d882/app/views/catalog/_show_main_content.html.erb (65.8ms)
  Rendered /home/nkh/.rvm/gems/ruby-2.3.1/bundler/gems/blacklight-642b89a4d882/app/views/catalog/_document_action.html.erb (1.2ms)
  Rendered /home/nkh/.rvm/gems/ruby-2.3.1/bundler/gems/blacklight-642b89a4d882/app/views/catalog/_document_action.html.erb (0.4ms)
  Rendered /home/nkh/.rvm/gems/ruby-2.3.1/bundler/gems/blacklight-642b89a4d882/app/views/catalog/_document_action.html.erb (0.4ms)
  Rendered /home/nkh/.rvm/gems/ruby-2.3.1/bundler/gems/blacklight-642b89a4d882/app/views/catalog/_show_tools.html.erb (8.0ms)
  Rendered /home/nkh/.rvm/gems/ruby-2.3.1/bundler/gems/blacklight-642b89a4d882/app/views/catalog/_show_sidebar.html.erb (9.5ms)
  Rendered /home/nkh/.rvm/gems/ruby-2.3.1/bundler/gems/blacklight-642b89a4d882/app/views/catalog/show.html.erb within layouts/catalog_result (85.5ms)
  Rendering /home/nkh/.rvm/gems/ruby-2.3.1/bundler/gems/blacklight-642b89a4d882/app/views/layouts/blacklight/base.html.erb
  Rendered /home/nkh/.rvm/gems/ruby-2.3.1/bundler/gems/blacklight-642b89a4d882/app/views/blacklight/nav/_search_history.html.erb (0.6ms)
  Rendered /home/nkh/.rvm/gems/ruby-2.3.1/bundler/gems/blacklight-642b89a4d882/app/views/shared/_user_util_links.html.erb (1.9ms)
  Rendered /home/nkh/.rvm/gems/ruby-2.3.1/bundler/gems/blacklight-642b89a4d882/app/views/catalog/_search_form.html.erb (3.3ms)
  Rendered /home/nkh/.rvm/gems/ruby-2.3.1/bundler/gems/blacklight-642b89a4d882/app/views/shared/_header_navbar.html.erb (7.4ms)
  Rendered /home/nkh/.rvm/gems/ruby-2.3.1/bundler/gems/blacklight-642b89a4d882/app/views/shared/_flash_msg.html.erb (1.2ms)
  Rendered /home/nkh/.rvm/gems/ruby-2.3.1/bundler/gems/blacklight-642b89a4d882/app/views/shared/_footer.html.erb (0.1ms)
  Rendered /home/nkh/.rvm/gems/ruby-2.3.1/bundler/gems/blacklight-642b89a4d882/app/views/shared/_modal.html.erb (0.2ms)
  Rendered /home/nkh/.rvm/gems/ruby-2.3.1/bundler/gems/blacklight-642b89a4d882/app/views/layouts/blacklight/base.html.erb (81.3ms)
Completed 200 OK in 901ms (Views: 177.4ms | ActiveRecord: 0.2ms)


